<?xml version="1.0" encoding="UTF-8"?>
<!-- Generated by org.testng.reporters.JUnitReportReporter -->
<testsuite hostname="R14" failures="0" tests="4" name="candere_Mothed_POM.Candere_Motheds" time="27.095" errors="0" timestamp="2023-02-21T17:41:18 IST" skipped="0">
  <testcase classname="candere_Mothed_POM.Candere_Motheds" name="SignUp_User" time="3.264"/>
  <system-out/>
  <testcase classname="candere_Mothed_POM.Candere_Motheds" name="plp_page" time="4.649"/>
  <system-out/>
  <testcase classname="candere_Mothed_POM.Candere_Motheds" name="PDP_Page" time="8.512"/>
  <system-out/>
  <testcase classname="candere_Mothed_POM.Candere_Motheds" name="chck_secrty" time="10.670"/>
  <system-out/>
</testsuite> <!-- candere_Mothed_POM.Candere_Motheds -->
